[INFO] Rebuilding Zarr stores
       scenario: ssp370
       variables: tasmin
       regions: conus alaska hawaii guam puerto_rico
       data base: /home/mihiarc/repos/climate-zarr/data
       output base: /home/mihiarc/repos/climate-zarr/climate_outputs/zarr
\n=== TASMIN ===
[BUILD] tasmin/conus -> /home/mihiarc/repos/climate-zarr/climate_outputs/zarr/tasmin/conus/ssp370/conus_ssp370_tasmin_daily.zarr
Stacking 86 NetCDF files into Zarr
  Loading NetCDF files...
Concatenating along 'time' dimension...
Writing to Zarr format...

✓ Successfully stacked 86 files
Total NetCDF size: 20123.0 MB
Output: 
/home/mihiarc/repos/climate-zarr/climate_outputs/zarr
/tasmin/conus/ssp370/conus_ssp370_tasmin_daily.zarr
Data clipped to CONUS region
[CHECK] tasmin: lon range [-124.875, -66.125]
[BUILD] tasmin/alaska -> /home/mihiarc/repos/climate-zarr/climate_outputs/zarr/tasmin/alaska/ssp370/alaska_ssp370_tasmin_daily.zarr
Stacking 86 NetCDF files into Zarr
  Loading NetCDF files...
Concatenating along 'time' dimension...
Writing to Zarr format...

✓ Successfully stacked 86 files
Total NetCDF size: 20123.0 MB
Output: 
/home/mihiarc/repos/climate-zarr/climate_outputs/zarr
/tasmin/alaska/ssp370/alaska_ssp370_tasmin_daily.zarr
Data clipped to ALASKA region
[CHECK] tasmin: lon range [-179.875, -129.125]
[BUILD] tasmin/hawaii -> /home/mihiarc/repos/climate-zarr/climate_outputs/zarr/tasmin/hawaii/ssp370/hawaii_ssp370_tasmin_daily.zarr
Stacking 86 NetCDF files into Zarr
  Loading NetCDF files...
Concatenating along 'time' dimension...
Writing to Zarr format...

✓ Successfully stacked 86 files
Total NetCDF size: 20123.0 MB
Output: 
/home/mihiarc/repos/climate-zarr/climate_outputs/zarr
/tasmin/hawaii/ssp370/hawaii_ssp370_tasmin_daily.zarr
Data clipped to HAWAII region
[CHECK] tasmin: lon range [-161.875, -154.125]
[BUILD] tasmin/guam -> /home/mihiarc/repos/climate-zarr/climate_outputs/zarr/tasmin/guam/ssp370/guam_ssp370_tasmin_daily.zarr
Stacking 86 NetCDF files into Zarr
  Loading NetCDF files...
Concatenating along 'time' dimension...
Writing to Zarr format...

✓ Successfully stacked 86 files
Total NetCDF size: 20123.0 MB
Output: 
/home/mihiarc/repos/climate-zarr/climate_outputs/zarr
/tasmin/guam/ssp370/guam_ssp370_tasmin_daily.zarr
Data clipped to GUAM region
[CHECK] tasmin: lon range [144.125, 145.875]
[BUILD] tasmin/puerto_rico -> /home/mihiarc/repos/climate-zarr/climate_outputs/zarr/tasmin/puerto_rico/ssp370/puerto_rico_ssp370_tasmin_daily.zarr
Stacking 86 NetCDF files into Zarr
  Loading NetCDF files...
Concatenating along 'time' dimension...
Writing to Zarr format...

✓ Successfully stacked 86 files
Total NetCDF size: 20123.0 MB
Output: 
/home/mihiarc/repos/climate-zarr/climate_outputs/zarr
/tasmin/puerto_rico/ssp370/puerto_rico_ssp370_tasmin_
daily.zarr
Data clipped to PUERTO_RICO region
[CHECK] tasmin: lon range [-67.375, -64.625]
\n[SUCCESS] Rebuild complete.
